  main.cpp
C:\Users\ЕГОР\Desktop\cw-ip-211_game15\src\main.cpp(76,22): warning C4244: =: преобразование "int" в "T", возможна потеря данных
          with
          [
              T=float
          ]
C:\Users\ЕГОР\Desktop\cw-ip-211_game15\src\main.cpp(77,22): warning C4244: =: преобразование "int" в "T", возможна потеря данных
          with
          [
              T=float
          ]
C:\Users\ЕГОР\Desktop\cw-ip-211_game15\src\main.cpp(99,68): warning C4244: аргумент: преобразование "int" в "T", возможна потеря данных
          with
          [
              T=float
          ]
C:\Users\ЕГОР\Desktop\cw-ip-211_game15\src\main.cpp(99,56): warning C4244: аргумент: преобразование "int" в "T", возможна потеря данных
          with
          [
              T=float
          ]
C:\Users\ЕГОР\Desktop\cw-ip-211_game15\src\main.cpp(103,56): warning C4244: аргумент: преобразование "int" в "T", возможна потеря данных
          with
          [
              T=float
          ]
C:\Users\ЕГОР\Desktop\cw-ip-211_game15\src\main.cpp(103,40): warning C4244: аргумент: преобразование "int" в "T", возможна потеря данных
          with
          [
              T=float
          ]
C:\Users\ЕГОР\Desktop\cw-ip-211_game15\src\main.cpp(110,64): warning C4244: аргумент: преобразование "int" в "T", возможна потеря данных
          with
          [
              T=float
          ]
C:\Users\ЕГОР\Desktop\cw-ip-211_game15\src\main.cpp(110,52): warning C4244: аргумент: преобразование "int" в "T", возможна потеря данных
          with
          [
              T=float
          ]
C:\Users\ЕГОР\Desktop\cw-ip-211_game15\src\main.cpp(116,52): warning C4244: аргумент: преобразование "int" в "T", возможна потеря данных
          with
          [
              T=float
          ]
C:\Users\ЕГОР\Desktop\cw-ip-211_game15\src\main.cpp(116,36): warning C4244: аргумент: преобразование "int" в "T", возможна потеря данных
          with
          [
              T=float
          ]
C:\Users\ЕГОР\Desktop\cw-ip-211_game15\src\main.cpp(135,60): warning C4244: аргумент: преобразование "int" в "T", возможна потеря данных
          with
          [
              T=float
          ]
C:\Users\ЕГОР\Desktop\cw-ip-211_game15\src\main.cpp(135,38): warning C4244: аргумент: преобразование "int" в "T", возможна потеря данных
          with
          [
              T=float
          ]
C:\Users\ЕГОР\Desktop\cw-ip-211_game15\src\main.cpp(183,76): warning C4244: аргумент: преобразование "T" в "int", возможна потеря данных
          with
          [
              T=float
          ]
C:\Users\ЕГОР\Desktop\cw-ip-211_game15\src\main.cpp(183,60): warning C4244: аргумент: преобразование "T" в "int", возможна потеря данных
          with
          [
              T=float
          ]
C:\Users\ЕГОР\Desktop\cw-ip-211_game15\src\main.cpp(183,47): warning C4244: аргумент: преобразование "T" в "int", возможна потеря данных
          with
          [
              T=float
          ]
C:\Users\ЕГОР\Desktop\cw-ip-211_game15\src\main.cpp(183,34): warning C4244: аргумент: преобразование "T" в "int", возможна потеря данных
          with
          [
              T=float
          ]
C:\Users\ЕГОР\Desktop\cw-ip-211_game15\src\main.cpp(190,76): warning C4244: аргумент: преобразование "T" в "int", возможна потеря данных
          with
          [
              T=float
          ]
C:\Users\ЕГОР\Desktop\cw-ip-211_game15\src\main.cpp(190,60): warning C4244: аргумент: преобразование "T" в "int", возможна потеря данных
          with
          [
              T=float
          ]
C:\Users\ЕГОР\Desktop\cw-ip-211_game15\src\main.cpp(190,47): warning C4244: аргумент: преобразование "T" в "int", возможна потеря данных
          with
          [
              T=float
          ]
C:\Users\ЕГОР\Desktop\cw-ip-211_game15\src\main.cpp(190,34): warning C4244: аргумент: преобразование "T" в "int", возможна потеря данных
          with
          [
              T=float
          ]
C:\Users\ЕГОР\Desktop\cw-ip-211_game15\src\main.cpp(197,77): warning C4244: аргумент: преобразование "T" в "int", возможна потеря данных
          with
          [
              T=float
          ]
C:\Users\ЕГОР\Desktop\cw-ip-211_game15\src\main.cpp(197,63): warning C4244: аргумент: преобразование "T" в "int", возможна потеря данных
          with
          [
              T=float
          ]
C:\Users\ЕГОР\Desktop\cw-ip-211_game15\src\main.cpp(197,47): warning C4244: аргумент: преобразование "T" в "int", возможна потеря данных
          with
          [
              T=float
          ]
C:\Users\ЕГОР\Desktop\cw-ip-211_game15\src\main.cpp(197,34): warning C4244: аргумент: преобразование "T" в "int", возможна потеря данных
          with
          [
              T=float
          ]
C:\Users\ЕГОР\Desktop\cw-ip-211_game15\src\main.cpp(204,77): warning C4244: аргумент: преобразование "T" в "int", возможна потеря данных
          with
          [
              T=float
          ]
C:\Users\ЕГОР\Desktop\cw-ip-211_game15\src\main.cpp(204,63): warning C4244: аргумент: преобразование "T" в "int", возможна потеря данных
          with
          [
              T=float
          ]
C:\Users\ЕГОР\Desktop\cw-ip-211_game15\src\main.cpp(204,47): warning C4244: аргумент: преобразование "T" в "int", возможна потеря данных
          with
          [
              T=float
          ]
C:\Users\ЕГОР\Desktop\cw-ip-211_game15\src\main.cpp(204,34): warning C4244: аргумент: преобразование "T" в "int", возможна потеря данных
          with
          [
              T=float
          ]
C:\Users\ЕГОР\Desktop\cw-ip-211_game15\src\main.cpp(215,10): warning C4101: key: неиспользованная локальная переменная
main.obj : error LNK2019: ссылка на неразрешенный внешний символ "__declspec(dllimport) public: __cdecl sf::String::String(char const *,class std::locale const &)" (__imp_??0String@sf@@QEAA@PEBDAEBVlocale@std@@@Z) в функции main.
main.obj : error LNK2019: ссылка на неразрешенный внешний символ "__declspec(dllimport) public: __cdecl sf::String::String(class std::basic_string<char,struct std::char_traits<char>,class std::allocator<char> > const &,class std::locale const &)" (__imp_??0String@sf@@QEAA@AEBV?$basic_string@DU?$char_traits@D@std@@V?$allocator@D@2@@std@@AEBVlocale@3@@Z) в функции "public: __cdecl Grid::Grid(int,int,int,int)" (??0Grid@@QEAA@HHHH@Z).
main.obj : error LNK2019: ссылка на неразрешенный внешний символ "__declspec(dllimport) public: __cdecl sf::String::~String(void)" (__imp_??1String@sf@@QEAA@XZ) в функции "public: __cdecl Grid::Grid(int,int,int,int)" (??0Grid@@QEAA@HHHH@Z).
main.obj : error LNK2019: ссылка на неразрешенный внешний символ "__declspec(dllimport) public: static bool __cdecl sf::Keyboard::isKeyPressed(enum sf::Keyboard::Key)" (__imp_?isKeyPressed@Keyboard@sf@@SA_NW4Key@12@@Z) в функции "void __cdecl menu(class sf::RenderWindow &)" (?menu@@YAXAEAVRenderWindow@sf@@@Z).
main.obj : error LNK2019: ссылка на неразрешенный внешний символ "__declspec(dllimport) public: static bool __cdecl sf::Mouse::isButtonPressed(enum sf::Mouse::Button)" (__imp_?isButtonPressed@Mouse@sf@@SA_NW4Button@12@@Z) в функции "void __cdecl menu(class sf::RenderWindow &)" (?menu@@YAXAEAVRenderWindow@sf@@@Z).
main.obj : error LNK2019: ссылка на неразрешенный внешний символ "__declspec(dllimport) public: static class sf::Vector2<int> __cdecl sf::Mouse::getPosition(class sf::Window const &)" (__imp_?getPosition@Mouse@sf@@SA?AV?$Vector2@H@2@AEBVWindow@2@@Z) в функции "void __cdecl menu(class sf::RenderWindow &)" (?menu@@YAXAEAVRenderWindow@sf@@@Z).
main.obj : error LNK2019: ссылка на неразрешенный внешний символ "__declspec(dllimport) public: __cdecl sf::VideoMode::VideoMode(unsigned int,unsigned int,unsigned int)" (__imp_??0VideoMode@sf@@QEAA@III@Z) в функции main.
main.obj : error LNK2019: ссылка на неразрешенный внешний символ "__declspec(dllimport) public: void __cdecl sf::Window::close(void)" (__imp_?close@Window@sf@@QEAAXXZ) в функции "int __cdecl Game(int,int,int,int,class sf::RenderWindow &)" (?Game@@YAHHHHHAEAVRenderWindow@sf@@@Z).
main.obj : error LNK2019: ссылка на неразрешенный внешний символ "__declspec(dllimport) public: bool __cdecl sf::Window::isOpen(void)const " (__imp_?isOpen@Window@sf@@QEBA_NXZ) в функции "int __cdecl Game(int,int,int,int,class sf::RenderWindow &)" (?Game@@YAHHHHHAEAVRenderWindow@sf@@@Z).
main.obj : error LNK2019: ссылка на неразрешенный внешний символ "__declspec(dllimport) public: bool __cdecl sf::Window::pollEvent(class sf::Event &)" (__imp_?pollEvent@Window@sf@@QEAA_NAEAVEvent@2@@Z) в функции "int __cdecl Game(int,int,int,int,class sf::RenderWindow &)" (?Game@@YAHHHHHAEAVRenderWindow@sf@@@Z).
main.obj : error LNK2019: ссылка на неразрешенный внешний символ "__declspec(dllimport) public: void __cdecl sf::Window::display(void)" (__imp_?display@Window@sf@@QEAAXXZ) в функции "int __cdecl Game(int,int,int,int,class sf::RenderWindow &)" (?Game@@YAHHHHHAEAVRenderWindow@sf@@@Z).
main.obj : error LNK2019: ссылка на неразрешенный внешний символ "__declspec(dllimport) public: void __cdecl sf::Transformable::setPosition(float,float)" (__imp_?setPosition@Transformable@sf@@QEAAXMM@Z) в функции "public: __cdecl Grid::Grid(int,int,int,int)" (??0Grid@@QEAA@HHHH@Z).
main.obj : error LNK2019: ссылка на неразрешенный внешний символ "__declspec(dllimport) public: void __cdecl sf::Transformable::setPosition(class sf::Vector2<float> const &)" (__imp_?setPosition@Transformable@sf@@QEAAXAEBV?$Vector2@M@2@@Z) в функции "public: void __cdecl Grid::Draw(class sf::RenderWindow &)" (?Draw@Grid@@QEAAXAEAVRenderWindow@sf@@@Z).
main.obj : error LNK2019: ссылка на неразрешенный внешний символ "__declspec(dllimport) public: __cdecl sf::Color::Color(unsigned char,unsigned char,unsigned char,unsigned char)" (__imp_??0Color@sf@@QEAA@EEEE@Z) в функции "int __cdecl Game(int,int,int,int,class sf::RenderWindow &)" (?Game@@YAHHHHHAEAVRenderWindow@sf@@@Z).
main.obj : error LNK2019: ссылка на неразрешенный внешний символ "__declspec(dllimport) public: void __cdecl sf::Shape::setFillColor(class sf::Color const &)" (__imp_?setFillColor@Shape@sf@@QEAAXAEBVColor@2@@Z) в функции "public: __cdecl Grid::Grid(int,int,int,int)" (??0Grid@@QEAA@HHHH@Z).
main.obj : error LNK2019: ссылка на неразрешенный внешний символ "__declspec(dllimport) public: void __cdecl sf::Shape::setOutlineColor(class sf::Color const &)" (__imp_?setOutlineColor@Shape@sf@@QEAAXAEBVColor@2@@Z) в функции "public: __cdecl Grid::Grid(int,int,int,int)" (??0Grid@@QEAA@HHHH@Z).
main.obj : error LNK2019: ссылка на неразрешенный внешний символ "__declspec(dllimport) public: void __cdecl sf::Shape::setOutlineThickness(float)" (__imp_?setOutlineThickness@Shape@sf@@QEAAXM@Z) в функции "public: __cdecl Grid::Grid(int,int,int,int)" (??0Grid@@QEAA@HHHH@Z).
main.obj : error LNK2019: ссылка на неразрешенный внешний символ "__declspec(dllimport) public: __cdecl sf::Texture::Texture(void)" (__imp_??0Texture@sf@@QEAA@XZ) в функции "void __cdecl menu(class sf::RenderWindow &)" (?menu@@YAXAEAVRenderWindow@sf@@@Z).
main.obj : error LNK2019: ссылка на неразрешенный внешний символ "__declspec(dllimport) public: __cdecl sf::Texture::~Texture(void)" (__imp_??1Texture@sf@@QEAA@XZ) в функции "void __cdecl menu(class sf::RenderWindow &)" (?menu@@YAXAEAVRenderWindow@sf@@@Z).
main.obj : error LNK2019: ссылка на неразрешенный внешний символ "__declspec(dllimport) public: bool __cdecl sf::Texture::loadFromFile(class std::basic_string<char,struct std::char_traits<char>,class std::allocator<char> > const &,class sf::Rect<int> const &)" (__imp_?loadFromFile@Texture@sf@@QEAA_NAEBV?$basic_string@DU?$char_traits@D@std@@V?$allocator@D@2@@std@@AEBV?$Rect@H@2@@Z) в функции "void __cdecl menu(class sf::RenderWindow &)" (?menu@@YAXAEAVRenderWindow@sf@@@Z).
main.obj : error LNK2019: ссылка на неразрешенный внешний символ "__declspec(dllimport) public: __cdecl sf::Font::Font(void)" (__imp_??0Font@sf@@QEAA@XZ) в функции "public: __cdecl Grid::Grid(int,int,int,int)" (??0Grid@@QEAA@HHHH@Z).
main.obj : error LNK2019: ссылка на неразрешенный внешний символ "__declspec(dllimport) public: __cdecl sf::Font::~Font(void)" (__imp_??1Font@sf@@QEAA@XZ) в функции "int `public: __cdecl Grid::Grid(int,int,int,int)'::`1'::dtor$0" (?dtor$0@?0???0Grid@@QEAA@HHHH@Z@4HA).
main.obj : error LNK2019: ссылка на неразрешенный внешний символ "__declspec(dllimport) public: bool __cdecl sf::Font::loadFromFile(class std::basic_string<char,struct std::char_traits<char>,class std::allocator<char> > const &)" (__imp_?loadFromFile@Font@sf@@QEAA_NAEBV?$basic_string@DU?$char_traits@D@std@@V?$allocator@D@2@@std@@@Z) в функции "public: __cdecl Grid::Grid(int,int,int,int)" (??0Grid@@QEAA@HHHH@Z).
main.obj : error LNK2019: ссылка на неразрешенный внешний символ "__declspec(dllimport) public: __cdecl sf::RectangleShape::RectangleShape(class sf::Vector2<float> const &)" (__imp_??0RectangleShape@sf@@QEAA@AEBV?$Vector2@M@1@@Z) в функции "public: void __cdecl sf::RectangleShape::`local vftable constructor closure'(void)" (??_TRectangleShape@sf@@QEAAXXZ).
main.obj : error LNK2019: ссылка на неразрешенный внешний символ "__declspec(dllimport) public: void __cdecl sf::RectangleShape::setSize(class sf::Vector2<float> const &)" (__imp_?setSize@RectangleShape@sf@@QEAAXAEBV?$Vector2@M@2@@Z) в функции "public: __cdecl Grid::Grid(int,int,int,int)" (??0Grid@@QEAA@HHHH@Z).
main.obj : error LNK2019: ссылка на неразрешенный внешний символ "__declspec(dllimport) public: virtual __cdecl sf::RectangleShape::~RectangleShape(void)" (__imp_??1RectangleShape@sf@@UEAA@XZ) в функции "public: __cdecl Grid::Grid(int,int,int,int)" (??0Grid@@QEAA@HHHH@Z).
main.obj : error LNK2019: ссылка на неразрешенный внешний символ "__declspec(dllimport) public: class sf::RectangleShape & __cdecl sf::RectangleShape::operator=(class sf::RectangleShape const &)" (__imp_??4RectangleShape@sf@@QEAAAEAV01@AEBV01@@Z) в функции "public: void __cdecl Grid::swapBlocks(int,int,int,int)" (?swapBlocks@Grid@@QEAAXHHHH@Z).
main.obj : error LNK2019: ссылка на неразрешенный внешний символ "__declspec(dllimport) public: void __cdecl sf::RenderTarget::clear(class sf::Color const &)" (__imp_?clear@RenderTarget@sf@@QEAAXAEBVColor@2@@Z) в функции "int __cdecl Game(int,int,int,int,class sf::RenderWindow &)" (?Game@@YAHHHHHAEAVRenderWindow@sf@@@Z).
main.obj : error LNK2019: ссылка на неразрешенный внешний символ "__declspec(dllimport) public: void __cdecl sf::RenderTarget::draw(class sf::Drawable const &,class sf::RenderStates const &)" (__imp_?draw@RenderTarget@sf@@QEAAXAEBVDrawable@2@AEBVRenderStates@2@@Z) в функции "public: void __cdecl Grid::Draw(class sf::RenderWindow &)" (?Draw@Grid@@QEAAXAEAVRenderWindow@sf@@@Z).
main.obj : error LNK2019: ссылка на неразрешенный внешний символ "__declspec(dllimport) public: __cdecl sf::RenderWindow::RenderWindow(class sf::VideoMode,class sf::String const &,unsigned int,struct sf::ContextSettings const &)" (__imp_??0RenderWindow@sf@@QEAA@VVideoMode@1@AEBVString@1@IAEBUContextSettings@1@@Z) в функции main.
main.obj : error LNK2019: ссылка на неразрешенный внешний символ "__declspec(dllimport) public: virtual __cdecl sf::RenderWindow::~RenderWindow(void)" (__imp_??1RenderWindow@sf@@UEAA@XZ) в функции main.
main.obj : error LNK2019: ссылка на неразрешенный внешний символ "__declspec(dllimport) public: __cdecl sf::Sprite::Sprite(class sf::Texture const &)" (__imp_??0Sprite@sf@@QEAA@AEBVTexture@1@@Z) в функции "void __cdecl menu(class sf::RenderWindow &)" (?menu@@YAXAEAVRenderWindow@sf@@@Z).
main.obj : error LNK2019: ссылка на неразрешенный внешний символ "__declspec(dllimport) public: void __cdecl sf::Sprite::setColor(class sf::Color const &)" (__imp_?setColor@Sprite@sf@@QEAAXAEBVColor@2@@Z) в функции "void __cdecl menu(class sf::RenderWindow &)" (?menu@@YAXAEAVRenderWindow@sf@@@Z).
main.obj : error LNK2019: ссылка на неразрешенный внешний символ "__declspec(dllimport) public: virtual __cdecl sf::Sprite::~Sprite(void)" (__imp_??1Sprite@sf@@UEAA@XZ) в функции "void __cdecl menu(class sf::RenderWindow &)" (?menu@@YAXAEAVRenderWindow@sf@@@Z).
main.obj : error LNK2019: ссылка на неразрешенный внешний символ "__declspec(dllimport) public: __cdecl sf::Text::Text(void)" (__imp_??0Text@sf@@QEAA@XZ) в функции "public: void __cdecl sf::Text::`local vftable constructor closure'(void)" (??_TText@sf@@QEAAXXZ).
main.obj : error LNK2019: ссылка на неразрешенный внешний символ "__declspec(dllimport) public: __cdecl sf::Text::Text(class sf::String const &,class sf::Font const &,unsigned int)" (__imp_??0Text@sf@@QEAA@AEBVString@1@AEBVFont@1@I@Z) в функции "public: __cdecl Grid::Grid(int,int,int,int)" (??0Grid@@QEAA@HHHH@Z).
main.obj : error LNK2019: ссылка на неразрешенный внешний символ "__declspec(dllimport) public: void __cdecl sf::Text::setString(class sf::String const &)" (__imp_?setString@Text@sf@@QEAAXAEBVString@2@@Z) в функции "public: void __cdecl Grid::swapBlocks(int,int,int,int)" (?swapBlocks@Grid@@QEAAXHHHH@Z).
main.obj : error LNK2019: ссылка на неразрешенный внешний символ "__declspec(dllimport) public: void __cdecl sf::Text::setFillColor(class sf::Color const &)" (__imp_?setFillColor@Text@sf@@QEAAXAEBVColor@2@@Z) в функции "public: __cdecl Grid::Grid(int,int,int,int)" (??0Grid@@QEAA@HHHH@Z).
main.obj : error LNK2019: ссылка на неразрешенный внешний символ "__declspec(dllimport) public: virtual __cdecl sf::Text::~Text(void)" (__imp_??1Text@sf@@UEAA@XZ) в функции "public: __cdecl Grid::Grid(int,int,int,int)" (??0Grid@@QEAA@HHHH@Z).
main.obj : error LNK2019: ссылка на неразрешенный внешний символ "__declspec(dllimport) public: class sf::Text & __cdecl sf::Text::operator=(class sf::Text const &)" (__imp_??4Text@sf@@QEAAAEAV01@AEBV01@@Z) в функции "public: __cdecl Grid::Grid(int,int,int,int)" (??0Grid@@QEAA@HHHH@Z).
main.obj : error LNK2001: неразрешенный внешний символ "private: virtual void __cdecl sf::Text::draw(class sf::RenderTarget &,class sf::RenderStates)const " (?draw@Text@sf@@EEBAXAEAVRenderTarget@2@VRenderStates@2@@Z).
main.obj : error LNK2001: неразрешенный внешний символ "public: virtual unsigned __int64 __cdecl sf::RectangleShape::getPointCount(void)const " (?getPointCount@RectangleShape@sf@@UEBA_KXZ).
main.obj : error LNK2001: неразрешенный внешний символ "public: virtual class sf::Vector2<float> __cdecl sf::RectangleShape::getPoint(unsigned __int64)const " (?getPoint@RectangleShape@sf@@UEBA?AV?$Vector2@M@2@_K@Z).
main.obj : error LNK2001: неразрешенный внешний символ "private: virtual void __cdecl sf::Shape::draw(class sf::RenderTarget &,class sf::RenderStates)const " (?draw@Shape@sf@@EEBAXAEAVRenderTarget@2@VRenderStates@2@@Z).
main.obj : error LNK2019: ссылка на неразрешенный внешний символ "__declspec(dllimport) public: static class sf::RenderStates const sf::RenderStates::Default" (__imp_?Default@RenderStates@sf@@2V12@B) в функции "public: void __cdecl Grid::Draw(class sf::RenderWindow &)" (?Draw@Grid@@QEAAXAEAVRenderWindow@sf@@@Z).
main.obj : error LNK2019: ссылка на неразрешенный внешний символ "__declspec(dllimport) public: static class sf::Color const sf::Color::Black" (__imp_?Black@Color@sf@@2V12@B) в функции "public: __cdecl Grid::Grid(int,int,int,int)" (??0Grid@@QEAA@HHHH@Z).
main.obj : error LNK2019: ссылка на неразрешенный внешний символ "__declspec(dllimport) public: static class sf::Color const sf::Color::White" (__imp_?White@Color@sf@@2V12@B) в функции "public: __cdecl Grid::Grid(int,int,int,int)" (??0Grid@@QEAA@HHHH@Z).
main.obj : error LNK2019: ссылка на неразрешенный внешний символ "__declspec(dllimport) public: static class sf::Color const sf::Color::Blue" (__imp_?Blue@Color@sf@@2V12@B) в функции "void __cdecl menu(class sf::RenderWindow &)" (?menu@@YAXAEAVRenderWindow@sf@@@Z).
C:\SFML-2.5.1\lib\sfml-graphics-d.lib : warning LNK4272: тип компьютера библиотеки "x86" конфликтует с типом целевого компьютера "x64"
C:\SFML-2.5.1\lib\sfml-window-d.lib : warning LNK4272: тип компьютера библиотеки "x86" конфликтует с типом целевого компьютера "x64"
C:\SFML-2.5.1\lib\sfml-audio-d.lib : warning LNK4272: тип компьютера библиотеки "x86" конфликтует с типом целевого компьютера "x64"
C:\SFML-2.5.1\lib\sfml-system-d.lib : warning LNK4272: тип компьютера библиотеки "x86" конфликтует с типом целевого компьютера "x64"
C:\Users\ЕГОР\Desktop\cw-ip-211_game15\src\x64\Debug\Курсовая.exe : fatal error LNK1120: неразрешенных внешних элементов: 48
